<?xml version="1.0" encoding="UTF-8"?>
<coverage generated="1784638052">
  <project timestamp="1784638052">
    <file name="/var/www/app/Admin.php">
      <class name="App\Admin" namespace="global">
        <metrics complexity="0" methods="0" coveredmethods="0" conditionals="0" coveredconditionals="0" statements="0" coveredstatements="0" elements="0" coveredelements="0"/>
      </class>
      <metrics loc="11" ncloc="10" classes="0" methods="0" coveredmethods="0" conditionals="0" coveredconditionals="0" statements="0" coveredstatements="0" elements="0" coveredelements="0"/>
    </file>
    <file name="/var/www/app/Alert.php">
      <class name="App\Alert" namespace="global">
        <metrics complexity="0" methods="0" coveredmethods="0" conditionals="0" coveredconditionals="0" statements="0" coveredstatements="0" elements="0" coveredelements="0"/>
      </class>
      <metrics loc="36" ncloc="31" classes="0" methods="0" coveredmethods="0" conditionals="0" coveredconditionals="0" statements="0" coveredstatements="0" elements="0" coveredelements="0"/>
    </file>
    <file name="/var/www/app/Audits.php">
      <class name="App\Audits" namespace="global">
        <metrics complexity="0" methods="0" coveredmethods="0" conditionals="0" coveredconditionals="0" statements="0" coveredstatements="0" elements="0" coveredelements="0"/>
      </class>
      <metrics loc="12" ncloc="12" classes="0" methods="0" coveredmethods="0" conditionals="0" coveredconditionals="0" statements="0" coveredstatements="0" elements="0" coveredelements="0"/>
    </file>
    <file name="/var/www/app/Barrier.php">
      <class name="App\Barrier" namespace="global">
        <metrics complexity="1" methods="1" coveredmethods="0" conditionals="0" coveredconditionals="0" statements="1" coveredstatements="0" elements="2" coveredelements="0"/>
      </class>
      <line num="15" type="method" name="barriers" visibility="public" complexity="1" crap="2" count="0"/>
      <line num="17" type="stmt" count="0"/>
      <metrics loc="20" ncloc="20" classes="1" methods="1" coveredmethods="0" conditionals="0" coveredconditionals="0" statements="1" coveredstatements="0" elements="2" coveredelements="0"/>
    </file>
    <file name="/var/www/app/Brands.php">
      <class name="App\Brands" namespace="global">
        <metrics complexity="0" methods="0" coveredmethods="0" conditionals="0" coveredconditionals="0" statements="0" coveredstatements="0" elements="0" coveredelements="0"/>
      </class>
      <metrics loc="25" ncloc="15" classes="0" methods="0" coveredmethods="0" conditionals="0" coveredconditionals="0" statements="0" coveredstatements="0" elements="0" coveredelements="0"/>
    </file>
    <file name="/var/www/app/Category.php">
      <class name="App\Category" namespace="global">
        <metrics complexity="10" methods="7" coveredmethods="0" conditionals="0" coveredconditionals="0" statements="15" coveredstatements="0" elements="22" coveredelements="0"/>
      </class>
      <line num="37" type="method" name="findAll" visibility="public" complexity="2" crap="6" count="0"/>
      <line num="40" type="stmt" count="0"/>
      <line num="41" type="stmt" count="0"/>
      <line num="42" type="stmt" count="0"/>
      <line num="46" type="method" name="listed" visibility="public" complexity="2" crap="6" count="0"/>
      <line num="48" type="stmt" count="0"/>
      <line num="50" type="stmt" count="0"/>
      <line num="52" type="stmt" count="0"/>
      <line num="53" type="stmt" count="0"/>
      <line num="56" type="stmt" count="0"/>
      <line num="59" type="method" name="findAllByRevision" visibility="public" complexity="2" crap="6" count="0"/>
      <line num="62" type="stmt" count="0"/>
      <line num="63" type="stmt" count="0"/>
      <line num="64" type="stmt" count="0"/>
      <line num="68" type="method" name="isMiscPowered" visibility="public" complexity="1" crap="2" count="0"/>
      <line num="70" type="stmt" count="0"/>
      <line num="73" type="method" name="isMiscUnpowered" visibility="public" complexity="1" crap="2" count="0"/>
      <line num="75" type="stmt" count="0"/>
      <line num="78" type="method" name="isPowered" visibility="public" complexity="1" crap="2" count="0"/>
      <line num="80" type="stmt" count="0"/>
      <line num="83" type="method" name="isUnpowered" visibility="public" complexity="1" crap="2" count="0"/>
      <line num="85" type="stmt" count="0"/>
      <metrics loc="88" ncloc="75" classes="1" methods="7" coveredmethods="0" conditionals="0" coveredconditionals="0" statements="15" coveredstatements="0" elements="22" coveredelements="0"/>
    </file>
    <file name="/var/www/app/Cluster.php">
      <class name="App\Cluster" namespace="global">
        <metrics complexity="1" methods="1" coveredmethods="1" conditionals="0" coveredconditionals="0" statements="1" coveredstatements="1" elements="2" coveredelements="2"/>
      </class>
      <line num="27" type="method" name="categories" visibility="public" complexity="1" crap="1" count="4"/>
      <line num="29" type="stmt" count="4"/>
      <metrics loc="32" ncloc="22" classes="1" methods="1" coveredmethods="1" conditionals="0" coveredconditionals="0" statements="1" coveredstatements="1" elements="2" coveredelements="2"/>
    </file>
    <file name="/var/www/app/Console/Commands/AlertCreate.php">
      <class name="App\Console\Commands\AlertCreate" namespace="global">
        <metrics complexity="5" methods="2" coveredmethods="1" conditionals="0" coveredconditionals="0" statements="24" coveredstatements="1" elements="26" coveredelements="2"/>
      </class>
      <line num="33" type="method" name="__construct" visibility="public" complexity="1" crap="1" count="34"/>
      <line num="35" type="stmt" count="34"/>
      <line num="41" type="method" name="handle" visibility="public" complexity="4" crap="20" count="0"/>
      <line num="43" type="stmt" count="0"/>
      <line num="44" type="stmt" count="0"/>
      <line num="45" type="stmt" count="0"/>
      <line num="46" type="stmt" count="0"/>
      <line num="47" type="stmt" count="0"/>
      <line num="48" type="stmt" count="0"/>
      <line num="49" type="stmt" count="0"/>
      <line num="50" type="stmt" count="0"/>
      <line num="52" type="stmt" count="0"/>
      <line num="53" type="stmt" count="0"/>
      <line num="54" type="stmt" count="0"/>
      <line num="55" type="stmt" count="0"/>
      <line num="57" type="stmt" count="0"/>
      <line num="58" type="stmt" count="0"/>
      <line num="59" type="stmt" count="0"/>
      <line num="63" type="stmt" count="0"/>
      <line num="64" type="stmt" count="0"/>
      <line num="65" type="stmt" count="0"/>
      <line num="66" type="stmt" count="0"/>
      <line num="68" type="stmt" count="0"/>
      <line num="69" type="stmt" count="0"/>
      <line num="71" type="stmt" count="0"/>
      <line num="73" type="stmt" count="0"/>
      <metrics loc="76" ncloc="57" classes="1" methods="2" coveredmethods="1" conditionals="0" coveredconditionals="0" statements="24" coveredstatements="1" elements="26" coveredelements="2"/>
    </file>
    <file name="/var/www/app/Console/Commands/AnonymiseUsersForTest.php">
      <class name="App\Console\Commands\AnonymiseUsersForTest" namespace="global">
        <metrics complexity="3" methods="1" coveredmethods="0" conditionals="0" coveredconditionals="0" statements="19" coveredstatements="0" elements="20" coveredelements="0"/>
      </class>
      <line num="28" type="method" name="handle" visibility="public" complexity="3" crap="12" count="0"/>
      <line num="30" type="stmt" count="0"/>
      <line num="31" type="stmt" count="0"/>
      <line num="33" type="stmt" count="0"/>
      <line num="37" type="stmt" count="0"/>
      <line num="39" type="stmt" count="0"/>
      <line num="41" type="stmt" count="0"/>
      <line num="42" type="stmt" count="0"/>
      <line num="43" type="stmt" count="0"/>
      <line num="44" type="stmt" count="0"/>
      <line num="45" type="stmt" count="0"/>
      <line num="46" type="stmt" count="0"/>
      <line num="47" type="stmt" count="0"/>
      <line num="48" type="stmt" count="0"/>
      <line num="49" type="stmt" count="0"/>
      <line num="50" type="stmt" count="0"/>
      <line num="51" type="stmt" count="0"/>
      <line num="52" type="stmt" count="0"/>
      <line num="53" type="stmt" count="0"/>
      <line num="55" type="stmt" count="0"/>
      <metrics loc="61" ncloc="46" classes="1" methods="1" coveredmethods="0" conditionals="0" coveredconditionals="0" statements="19" coveredstatements="0" elements="20" coveredelements="0"/>
    </file>
    <file name="/var/www/app/Console/Commands/CheckGroupLocations.php">
      <class name="App\Console\Commands\CheckGroupLocations" namespace="global">
        <metrics complexity="7" methods="2" coveredmethods="1" conditionals="0" coveredconditionals="0" statements="11" coveredstatements="1" elements="13" coveredelements="2"/>
      </class>
      <line num="29" type="method" name="__construct" visibility="public" complexity="1" crap="1" count="34"/>
      <line num="31" type="stmt" count="34"/>
      <line num="37" type="method" name="handle" visibility="public" complexity="6" crap="42" count="0"/>
      <line num="39" type="stmt" count="0"/>
      <line num="40" type="stmt" count="0"/>
      <line num="42" type="stmt" count="0"/>
      <line num="43" type="stmt" count="0"/>
      <line num="44" type="stmt" count="0"/>
      <line num="46" type="stmt" count="0"/>
      <line num="48" type="stmt" count="0"/>
      <line num="49" type="stmt" count="0"/>
      <line num="52" type="stmt" count="0"/>
      <line num="53" type="stmt" count="0"/>
      <metrics loc="61" ncloc="41" classes="1" methods="2" coveredmethods="1" conditionals="0" coveredconditionals="0" statements="11" coveredstatements="1" elements="13" coveredelements="2"/>
    </file>
    <file name="/var/www/app/Console/Commands/CheckTranslations.php">
      <class name="App\Console\Commands\CheckTranslations" namespace="global">
        <metrics complexity="22" methods="4" coveredmethods="1" conditionals="0" coveredconditionals="0" statements="48" coveredstatements="1" elements="52" coveredelements="2"/>
      </class>
      <line num="28" type="method" name="__construct" visibility="public" complexity="1" crap="1" count="34"/>
      <line num="30" type="stmt" count="34"/>
      <line num="36" type="method" name="handle" visibility="public" complexity="10" crap="110" count="0"/>
      <line num="39" type="stmt" count="0"/>
      <line num="41" type="stmt" count="0"/>
      <line num="43" type="stmt" count="0"/>
      <line num="44" type="stmt" count="0"/>
      <line num="46" type="stmt" count="0"/>
      <line num="48" type="stmt" count="0"/>
      <line num="52" type="stmt" count="0"/>
      <line num="54" type="stmt" count="0"/>
      <line num="56" type="stmt" count="0"/>
      <line num="58" type="stmt" count="0"/>
      <line num="60" type="stmt" count="0"/>
      <line num="61" type="stmt" count="0"/>
      <line num="63" type="stmt" count="0"/>
      <line num="67" type="stmt" count="0"/>
      <line num="70" type="method" name="checkKeys" visibility="private" complexity="8" crap="72" count="0"/>
      <line num="72" type="stmt" count="0"/>
      <line num="74" type="stmt" count="0"/>
      <line num="75" type="stmt" count="0"/>
      <line num="78" type="stmt" count="0"/>
      <line num="79" type="stmt" count="0"/>
      <line num="80" type="stmt" count="0"/>
      <line num="84" type="stmt" count="0"/>
      <line num="87" type="stmt" count="0"/>
      <line num="89" type="stmt" count="0"/>
      <line num="90" type="stmt" count="0"/>
      <line num="91" type="stmt" count="0"/>
      <line num="92" type="stmt" count="0"/>
      <line num="96" type="stmt" count="0"/>
      <line num="97" type="stmt" count="0"/>
      <line num="101" type="stmt" count="0"/>
      <line num="104" type="stmt" count="0"/>
      <line num="112" type="stmt" count="0"/>
      <line num="115" type="method" name="usedInCode" visibility="private" complexity="3" crap="12" count="0"/>
      <line num="116" type="stmt" count="0"/>
      <line num="117" type="stmt" count="0"/>
      <line num="118" type="stmt" count="0"/>
      <line num="119" type="stmt" count="0"/>
      <line num="120" type="stmt" count="0"/>
      <line num="121" type="stmt" count="0"/>
      <line num="122" type="stmt" count="0"/>
      <line num="123" type="stmt" count="0"/>
      <line num="124" type="stmt" count="0"/>
      <line num="125" type="stmt" count="0"/>
      <line num="126" type="stmt" count="0"/>
      <line num="127" type="stmt" count="0"/>
      <line num="128" type="stmt" count="0"/>
      <line num="130" type="stmt" count="0"/>
      <line num="131" type="stmt" count="0"/>
      <line num="135" type="stmt" count="0"/>
      <metrics loc="138" ncloc="89" classes="1" methods="4" coveredmethods="1" conditionals="0" coveredconditionals="0" statements="48" coveredstatements="1" elements="52" coveredelements="2"/>
    </file>
    <file name="/var/www/app/Console/Commands/CreateDiscourseGroups.php">
      <class name="App\Console\Commands\CreateDiscourseGroups" namespace="global">
        <metrics complexity="7" methods="2" coveredmethods="1" conditionals="0" coveredconditionals="0" statements="12" coveredstatements="1" elements="14" coveredelements="2"/>
      </class>
      <line num="29" type="method" name="__construct" visibility="public" complexity="1" crap="1" count="34"/>
      <line num="31" type="stmt" count="34"/>
      <line num="37" type="method" name="handle" visibility="public" complexity="6" crap="42" count="0"/>
      <line num="39" type="stmt" count="0"/>
      <line num="41" type="stmt" count="0"/>
      <line num="42" type="stmt" count="0"/>
      <line num="44" type="stmt" count="0"/>
      <line num="45" type="stmt" count="0"/>
      <line num="46" type="stmt" count="0"/>
      <line num="50" type="stmt" count="0"/>
      <line num="51" type="stmt" count="0"/>
      <line num="53" type="stmt" count="0"/>
      <line num="54" type="stmt" count="0"/>
      <line num="56" type="stmt" count="0"/>
      <metrics loc="62" ncloc="44" classes="1" methods="2" coveredmethods="1" conditionals="0" coveredconditionals="0" statements="12" coveredstatements="1" elements="14" coveredelements="2"/>
    </file>
    <file name="/var/www/app/Console/Commands/CrystalliseEventTimezone.php">
      <class name="App\Console\Commands\CrystalliseEventTimezone" namespace="global">
        <metrics complexity="3" methods="2" coveredmethods="1" conditionals="0" coveredconditionals="0" statements="6" coveredstatements="2" elements="8" coveredelements="3"/>
      </class>
      <line num="31" type="method" name="__construct" visibility="public" complexity="1" crap="1" count="34"/>
      <line num="33" type="stmt" count="34"/>
      <line num="34" type="stmt" count="34"/>
      <line num="40" type="method" name="handle" visibility="public" complexity="2" crap="6" count="0"/>
      <line num="42" type="stmt" count="0"/>
      <line num="44" type="stmt" count="0"/>
      <line num="45" type="stmt" count="0"/>
      <line num="46" type="stmt" count="0"/>
      <metrics loc="50" ncloc="32" classes="1" methods="2" coveredmethods="1" conditionals="0" coveredconditionals="0" statements="6" coveredstatements="2" elements="8" coveredelements="3"/>
    </file>
    <file name="/var/www/app/Console/Commands/DiscourseAnonymiseUser.php">
      <class name="App\Console\Commands\DiscourseAnonymiseUser" namespace="global">
        <metrics complexity="4" methods="2" coveredmethods="1" conditionals="0" coveredconditionals="0" statements="16" coveredstatements="2" elements="18" coveredelements="3"/>
      </class>
      <line num="36" type="method" name="__construct" visibility="public" complexity="1" crap="1" count="34"/>
      <line num="38" type="stmt" count="34"/>
      <line num="39" type="stmt" count="34"/>
      <line num="45" type="method" name="handle" visibility="public" complexity="3" crap="12" count="0"/>
      <line num="47" type="stmt" count="0"/>
      <line num="48" type="stmt" count="0"/>
      <line num="50" type="stmt" count="0"/>
      <line num="51" type="stmt" count="0"/>
      <line num="52" type="stmt" count="0"/>
      <line num="55" type="stmt" count="0"/>
      <line num="56" type="stmt" count="0"/>
      <line num="57" type="stmt" count="0"/>
      <line num="60" type="stmt" count="0"/>
      <line num="61" type="stmt" count="0"/>
      <line num="63" type="stmt" count="0"/>
      <line num="64" type="stmt" count="0"/>
      <line num="66" type="stmt" count="0"/>
      <line num="68" type="stmt" count="0"/>
      <metrics loc="71" ncloc="53" classes="1" methods="2" coveredmethods="1" conditionals="0" coveredconditionals="0" statements="16" coveredstatements="2" elements="18" coveredelements="3"/>
    </file>
    <file name="/var/www/app/Console/Commands/DiscourseChangeSetting.php">
      <class name="App\Console\Commands\DiscourseChangeSetting" namespace="global">
        <metrics complexity="4" methods="2" coveredmethods="1" conditionals="0" coveredconditionals="0" statements="16" coveredstatements="2" elements="18" coveredelements="3"/>
      </class>
      <line num="35" type="method" name="__construct" visibility="public" complexity="1" crap="1" count="34"/>
      <line num="37" type="stmt" count="34"/>
      <line num="38" type="stmt" count="34"/>
      <line num="44" type="method" name="handle" visibility="public" complexity="3" crap="12" count="0"/>
      <line num="46" type="stmt" count="0"/>
      <line num="47" type="stmt" count="0"/>
      <line num="49" type="stmt" count="0"/>
      <line num="50" type="stmt" count="0"/>
      <line num="51" type="stmt" count="0"/>
      <line num="54" type="stmt" count="0"/>
      <line num="55" type="stmt" count="0"/>
      <line num="56" type="stmt" count="0"/>
      <line num="59" type="stmt" count="0"/>
      <line num="60" type="stmt" count="0"/>
      <line num="62" type="stmt" count="0"/>
      <line num="63" type="stmt" count="0"/>
      <line num="65" type="stmt" count="0"/>
      <line num="67" type="stmt" count="0"/>
      <metrics loc="70" ncloc="52" classes="1" methods="2" coveredmethods="1" conditionals="0" coveredconditionals="0" statements="16" coveredstatements="2" elements="18" coveredelements="3"/>
    </file>
    <file name="/var/www/app/Console/Commands/DiscourseCreateThread.php">
      <class name="App\Console\Commands\DiscourseCreateThread" namespace="global">
        <metrics complexity="2" methods="2" coveredmethods="1" conditionals="0" coveredconditionals="0" statements="5" coveredstatements="1" elements="7" coveredelements="2"/>
      </class>
      <line num="35" type="method" name="__construct" visibility="public" complexity="1" crap="1" count="34"/>
      <line num="37" type="stmt" count="34"/>
      <line num="43" type="method" name="handle" visibility="public" complexity="1" crap="2" count="0"/>
      <line num="45" type="stmt" count="0"/>
      <line num="47" type="stmt" count="0"/>
      <line num="48" type="stmt" count="0"/>
      <line num="49" type="stmt" count="0"/>
      <metrics loc="52" ncloc="34" classes="1" methods="2" coveredmethods="1" conditionals="0" coveredconditionals="0" statements="5" coveredstatements="1" elements="7" coveredelements="2"/>
    </file>
    <file name="/var/www/app/Console/Commands/FixViews.php">
      <class name="App\Console\Commands\FixViews" namespace="global">
        <metrics complexity="3" methods="1" coveredmethods="0" conditionals="0" coveredconditionals="0" statements="9" coveredstatements="0" elements="10" coveredelements="0"/>
      </class>
      <line num="27" type="method" name="handle" visibility="public" complexity="3" crap="12" count="0"/>
      <line num="29" type="stmt" count="0"/>
      <line num="30" type="stmt" count="0"/>
      <line num="32" type="stmt" count="0"/>
      <line num="35" type="stmt" count="0"/>
      <line num="36" type="stmt" count="0"/>
      <line num="38" type="stmt" count="0"/>
      <line num="40" type="stmt" count="0"/>
      <line num="41" type="stmt" count="0"/>
      <line num="42" type="stmt" count="0"/>
      <metrics loc="46" ncloc="33" classes="1" methods="1" coveredmethods="0" conditionals="0" coveredconditionals="0" statements="9" coveredstatements="0" elements="10" coveredelements="0"/>
    </file>
    <file name="/var/www/app/Console/Commands/FixVolunteerCount.php">
      <class name="App\Console\Commands\FixVolunteerCount" namespace="global">
        <metrics complexity="3" methods="1" coveredmethods="0" conditionals="0" coveredconditionals="0" statements="10" coveredstatements="0" elements="11" coveredelements="0"/>
      </class>
      <line num="31" type="method" name="handle" visibility="public" complexity="3" crap="12" count="0"/>
      <line num="33" type="stmt" count="0"/>
      <line num="35" type="stmt" count="0"/>
      <line num="36" type="stmt" count="0"/>
      <line num="37" type="stmt" count="0"/>
      <line num="40" type="stmt" count="0"/>
      <line num="41" type="stmt" count="0"/>
      <line num="42" type="stmt" count="0"/>
      <line num="43" type="stmt" count="0"/>
      <line num="44" type="stmt" count="0"/>
      <line num="47" type="stmt" count="0"/>
      <metrics loc="50" ncloc="34" classes="1" methods="1" coveredmethods="0" conditionals="0" coveredconditionals="0" statements="10" coveredstatements="0" elements="11" coveredelements="0"/>
    </file>
    <file name="/var/www/app/Console/Commands/GroupCountryField.php">
      <class name="App\Console\Commands\GroupCountryField" namespace="global">
        <metrics complexity="2" methods="1" coveredmethods="0" conditionals="0" coveredconditionals="0" statements="4" coveredstatements="0" elements="5" coveredelements="0"/>
      </class>
      <line num="28" type="method" name="handle" visibility="public" complexity="2" crap="6" count="0"/>
      <line num="30" type="stmt" count="0"/>
      <line num="32" type="stmt" count="0"/>
      <line num="33" type="stmt" count="0"/>
      <line num="34" type="stmt" count="0"/>
      <metrics loc="38" ncloc="25" classes="1" methods="1" coveredmethods="0" conditionals="0" coveredconditionals="0" statements="4" coveredstatements="0" elements="5" coveredelements="0"/>
    </file>
    <file name="/var/www/app/Console/Commands/ImportGroups.php">
      <class name="App\Console\Commands\ImportGroups" namespace="global">
        <metrics complexity="16" methods="2" coveredmethods="1" conditionals="0" coveredconditionals="0" statements="66" coveredstatements="1" elements="68" coveredelements="2"/>
      </class>
      <line num="31" type="method" name="__construct" visibility="public" complexity="1" crap="1" count="34"/>
      <line num="33" type="stmt" count="34"/>
      <line num="39" type="method" name="handle" visibility="public" complexity="15" crap="240" count="0"/>
      <line num="41" type="stmt" count="0"/>
      <line num="42" type="stmt" count="0"/>
      <line num="44" type="stmt" count="0"/>
      <line num="46" type="stmt" count="0"/>
      <line num="47" type="stmt" count="0"/>
      <line num="51" type="stmt" count="0"/>
      <line num="53" type="stmt" count="0"/>
      <line num="55" type="stmt" count="0"/>
      <line num="56" type="stmt" count="0"/>
      <line num="58" type="stmt" count="0"/>
      <line num="59" type="stmt" count="0"/>
      <line num="60" type="stmt" count="0"/>
      <line num="64" type="stmt" count="0"/>
      <line num="65" type="stmt" count="0"/>
      <line num="66" type="stmt" count="0"/>
      <line num="67" type="stmt" count="0"/>
      <line num="68" type="stmt" count="0"/>
      <line num="69" type="stmt" count="0"/>
      <line num="70" type="stmt" count="0"/>
      <line num="71" type="stmt" count="0"/>
      <line num="72" type="stmt" count="0"/>
      <line num="73" type="stmt" count="0"/>
      <line num="74" type="stmt" count="0"/>
      <line num="77" type="stmt" count="0"/>
      <line num="78" type="stmt" count="0"/>
      <line num="79" type="stmt" count="0"/>
      <line num="82" type="stmt" count="0"/>
      <line num="83" type="stmt" count="0"/>
      <line num="84" type="stmt" count="0"/>
      <line num="87" type="stmt" count="0"/>
      <line num="89" type="stmt" count="0"/>
      <line num="90" type="stmt" count="0"/>
      <line num="91" type="stmt" count="0"/>
      <line num="93" type="stmt" count="0"/>
      <line num="94" type="stmt" count="0"/>
      <line num="95" type="stmt" count="0"/>
      <line num="99" type="stmt" count="0"/>
      <line num="100" type="stmt" count="0"/>
      <line num="101" type="stmt" count="0"/>
      <line num="104" type="stmt" count="0"/>
      <line num="106" type="stmt" count="0"/>
      <line num="108" type="stmt" count="0"/>
      <line num="109" type="stmt" count="0"/>
      <line num="110" type="stmt" count="0"/>
      <line num="116" type="stmt" count="0"/>
      <line num="117" type="stmt" count="0"/>
      <line num="118" type="stmt" count="0"/>
      <line num="119" type="stmt" count="0"/>
      <line num="120" type="stmt" count="0"/>
      <line num="121" type="stmt" count="0"/>
      <line num="122" type="stmt" count="0"/>
      <line num="123" type="stmt" count="0"/>
      <line num="124" type="stmt" count="0"/>
      <line num="125" type="stmt" count="0"/>
      <line num="126" type="stmt" count="0"/>
      <line num="127" type="stmt" count="0"/>
      <line num="130" type="stmt" count="0"/>
      <line num="132" type="stmt" count="0"/>
      <line num="134" type="stmt" count="0"/>
      <line num="135" type="stmt" count="0"/>
      <line num="136" type="stmt" count="0"/>
      <line num="137" type="stmt" count="0"/>
      <line num="138" type="stmt" count="0"/>
      <line num="141" type="stmt" count="0"/>
      <line num="142" type="stmt" count="0"/>
      <metrics loc="148" ncloc="122" classes="1" methods="2" coveredmethods="1" conditionals="0" coveredconditionals="0" statements="66" coveredstatements="1" elements="68" coveredelements="2"/>
    </file>
    <file name="/var/www/app/Console/Commands/ImportMRES.php">
      <class name="App\Console\Commands\ImportMRES" namespace="global">
        <metrics complexity="6" methods="2" coveredmethods="1" conditionals="0" coveredconditionals="0" statements="19" coveredstatements="1" elements="21" coveredelements="2"/>
      </class>
      <line num="33" type="method" name="__construct" visibility="public" complexity="1" crap="1" count="34"/>
      <line num="35" type="stmt" count="34"/>
      <line num="41" type="method" name="handle" visibility="public" complexity="5" crap="30" count="0"/>
      <line num="43" type="stmt" count="0"/>
      <line num="45" type="stmt" count="0"/>
      <line num="48" type="stmt" count="0"/>
      <line num="49" type="stmt" count="0"/>
      <line num="50" type="stmt" count="0"/>
      <line num="52" type="stmt" count="0"/>
      <line num="54" type="stmt" count="0"/>
      <line num="56" type="stmt" count="0"/>
      <line num="57" type="stmt" count="0"/>
      <line num="58" type="stmt" count="0"/>
      <line num="59" type="stmt" count="0"/>
      <line num="61" type="stmt" count="0"/>
      <line num="63" type="stmt" count="0"/>
      <line num="65" type="stmt" count="0"/>
      <line num="66" type="stmt" count="0"/>
      <line num="67" type="stmt" count="0"/>
      <line num="68" type="stmt" count="0"/>
      <line num="70" type="stmt" count="0"/>
      <metrics loc="77" ncloc="57" classes="1" methods="2" coveredmethods="1" conditionals="0" coveredconditionals="0" statements="19" coveredstatements="1" elements="21" coveredelements="2"/>
    </file>
    <file name="/var/www/app/Console/Commands/LanguageSync.php">
      <class name="App\Console\Commands\LanguageSync" namespace="global">
        <metrics complexity="9" methods="2" coveredmethods="1" conditionals="0" coveredconditionals="0" statements="24" coveredstatements="1" elements="26" coveredelements="2"/>
      </class>
      <line num="29" type="method" name="__construct" visibility="public" complexity="1" crap="1" count="34"/>
      <line num="31" type="stmt" count="34"/>
      <line num="37" type="method" name="handle" visibility="public" complexity="8" crap="72" count="0"/>
      <line num="48" type="stmt" count="0"/>
      <line num="49" type="stmt" count="0"/>
      <line num="51" type="stmt" count="0"/>
      <line num="52" type="stmt" count="0"/>
      <line num="53" type="stmt" count="0"/>
      <line num="54" type="stmt" count="0"/>
      <line num="55" type="stmt" count="0"/>
      <line num="57" type="stmt" count="0"/>
      <line num="59" type="stmt" count="0"/>
      <line num="60" type="stmt" count="0"/>
      <line num="61" type="stmt" count="0"/>
      <line num="63" type="stmt" count="0"/>
      <line num="65" type="stmt" count="0"/>
      <line num="69" type="stmt" count="0"/>
      <line num="71" type="stmt" count="0"/>
      <line num="73" type="stmt" count="0"/>
      <line num="74" type="stmt" count="0"/>
      <line num="76" type="stmt" count="0"/>
      <line num="77" type="stmt" count="0"/>
      <line num="78" type="stmt" count="0"/>
      <line num="82" type="stmt" count="0"/>
      <line num="83" type="stmt" count="0"/>
      <line num="84" type="stmt" count="0"/>
      <metrics loc="92" ncloc="62" classes="1" methods="2" coveredmethods="1" conditionals="0" coveredconditionals="0" statements="24" coveredstatements="1" elements="26" coveredelements="2"/>
    </file>
    <file name="/var/www/app/Console/Commands/MigrateWikiPasswords.php">
      <class name="App\Console\Commands\MigrateWikiPasswords" namespace="global">
        <metrics complexity="3" methods="2" coveredmethods="1" conditionals="0" coveredconditionals="0" statements="4" coveredstatements="1" elements="6" coveredelements="2"/>
      </class>
      <line num="29" type="method" name="__construct" visibility="public" complexity="1" crap="1" count="34"/>
      <line num="31" type="stmt" count="34"/>
      <line num="37" type="method" name="handle" visibility="public" complexity="2" crap="6" count="0"/>
      <line num="39" type="stmt" count="0"/>
      <line num="41" type="stmt" count="0"/>
      <line num="42" type="stmt" count="0"/>
      <metrics loc="46" ncloc="28" classes="1" methods="2" coveredmethods="1" conditionals="0" coveredconditionals="0" statements="4" coveredstatements="1" elements="6" coveredelements="2"/>
    </file>
    <file name="/var/www/app/Console/Commands/NetworkCoordinator.php">
      <class name="App\Console\Commands\NetworkCoordinator" namespace="global">
        <metrics complexity="4" methods="2" coveredmethods="1" conditionals="0" coveredconditionals="0" statements="13" coveredstatements="1" elements="15" coveredelements="2"/>
      </class>
      <line num="31" type="method" name="__construct" visibility="public" complexity="1" crap="1" count="34"/>
      <line num="33" type="stmt" count="34"/>
      <line num="39" type="method" name="handle" visibility="public" complexity="3" crap="12" count="0"/>
      <line num="41" type="stmt" count="0"/>
      <line num="43" type="stmt" count="0"/>
      <line num="45" type="stmt" count="0"/>
      <line num="46" type="stmt" count="0"/>
      <line num="47" type="stmt" count="0"/>
      <line num="50" type="stmt" count="0"/>
      <line num="52" type="stmt" count="0"/>
      <line num="54" type="stmt" count="0"/>
      <line num="55" type="stmt" count="0"/>
      <line num="56" type="stmt" count="0"/>
      <line num="59" type="stmt" count="0"/>
      <line num="60" type="stmt" count="0"/>
      <metrics loc="63" ncloc="45" classes="1" methods="2" coveredmethods="1" conditionals="0" coveredconditionals="0" statements="13" coveredstatements="1" elements="15" coveredelements="2"/>
    </file>
    <file name="/var/www/app/Console/Commands/NetworkCreate.php">
      <class name="App\Console\Commands\NetworkCreate" namespace="global">
        <metrics complexity="3" methods="2" coveredmethods="1" conditionals="0" coveredconditionals="0" statements="25" coveredstatements="1" elements="27" coveredelements="2"/>
      </class>
      <line num="30" type="method" name="__construct" visibility="public" complexity="1" crap="1" count="34"/>
      <line num="32" type="stmt" count="34"/>
      <line num="38" type="method" name="handle" visibility="public" complexity="2" crap="6" count="0"/>
      <line num="40" type="stmt" count="0"/>
      <line num="41" type="stmt" count="0"/>
      <line num="42" type="stmt" count="0"/>
      <line num="43" type="stmt" count="0"/>
      <line num="44" type="stmt" count="0"/>
      <line num="45" type="stmt" count="0"/>
      <line num="46" type="stmt" count="0"/>
      <line num="47" type="stmt" count="0"/>
      <line num="48" type="stmt" count="0"/>
      <line num="49" type="stmt" count="0"/>
      <line num="51" type="stmt" count="0"/>
      <line num="52" type="stmt" count="0"/>
      <line num="53" type="stmt" count="0"/>
      <line num="54" type="stmt" count="0"/>
      <line num="55" type="stmt" count="0"/>
      <line num="56" type="stmt" count="0"/>
      <line num="57" type="stmt" count="0"/>
      <line num="58" type="stmt" count="0"/>
      <line num="59" type="stmt" count="0"/>
      <line num="60" type="stmt" count="0"/>
      <line num="61" type="stmt" count="0"/>
      <line num="63" type="stmt" count="0"/>
      <line num="64" type="stmt" count="0"/>
      <line num="66" type="stmt" count="0"/>
      <metrics loc="70" ncloc="52" classes="1" methods="2" coveredmethods="1" conditionals="0" coveredconditionals="0" statements="25" coveredstatements="1" elements="27" coveredelements="2"/>
    </file>
    <file name="/var/www/app/Console/Commands/NetworkGroup.php">
      <class name="App\Console\Commands\NetworkGroup" namespace="global">
        <metrics complexity="4" methods="2" coveredmethods="1" conditionals="0" coveredconditionals="0" statements="13" coveredstatements="1" elements="15" coveredelements="2"/>
      </class>
      <line num="31" type="method" name="__construct" visibility="public" complexity="1" crap="1" count="34"/>
      <line num="33" type="stmt" count="34"/>
      <line num="39" type="method" name="handle" visibility="public" complexity="3" crap="12" count="0"/>
      <line num="41" type="stmt" count="0"/>
      <line num="42" type="stmt" count="0"/>
      <line num="45" type="stmt" count="0"/>
      <line num="47" type="stmt" count="0"/>
      <line num="48" type="stmt" count="0"/>
      <line num="49" type="stmt" count="0"/>
      <line num="52" type="stmt" count="0"/>
      <line num="54" type="stmt" count="0"/>
      <line num="55" type="stmt" count="0"/>
      <line num="56" type="stmt" count="0"/>
      <line num="59" type="stmt" count="0"/>
      <line num="60" type="stmt" count="0"/>
      <metrics loc="63" ncloc="44" classes="1" methods="2" coveredmethods="1" conditionals="0" coveredconditionals="0" statements="13" coveredstatements="1" elements="15" coveredelements="2"/>
    </file>
    <file name="/var/www/app/Console/Commands/PopulateUniqueCodeToEventsAndGroups.php">
      <class name="App\Console\Commands\PopulateUniqueCodeToEventsAndGroups" namespace="global">
        <metrics complexity="7" methods="1" coveredmethods="0" conditionals="0" coveredconditionals="0" statements="16" coveredstatements="0" elements="17" coveredelements="0"/>
      </class>
      <line num="29" type="method" name="handle" visibility="public" complexity="7" crap="56" count="0"/>
      <line num="31" type="stmt" count="0"/>
      <line num="32" type="stmt" count="0"/>
      <line num="34" type="stmt" count="0"/>
      <line num="35" type="stmt" count="0"/>
      <line num="37" type="stmt" count="0"/>
      <line num="38" type="stmt" count="0"/>
      <line num="39" type="stmt" count="0"/>
      <line num="40" type="stmt" count="0"/>
      <line num="43" type="stmt" count="0"/>
      <line num="44" type="stmt" count="0"/>
      <line num="46" type="stmt" count="0"/>
      <line num="47" type="stmt" count="0"/>
      <line num="49" type="stmt" count="0"/>
      <line num="50" type="stmt" count="0"/>
      <line num="51" type="stmt" count="0"/>
      <line num="52" type="stmt" count="0"/>
      <metrics loc="57" ncloc="44" classes="1" methods="1" coveredmethods="0" conditionals="0" coveredconditionals="0" statements="16" coveredstatements="0" elements="17" coveredelements="0"/>
    </file>
    <file name="/var/www/app/Console/Commands/SetPlaceNetworkData.php">
      <class name="App\Console\Commands\SetPlaceNetworkData" namespace="global">
        <metrics complexity="9" methods="2" coveredmethods="1" conditionals="0" coveredconditionals="0" statements="22" coveredstatements="1" elements="24" coveredelements="2"/>
      </class>
      <line num="33" type="method" name="__construct" visibility="public" complexity="1" crap="1" count="34"/>
      <line num="35" type="stmt" count="34"/>
      <line num="41" type="method" name="handle" visibility="public" complexity="8" crap="72" count="0"/>
      <line num="43" type="stmt" count="0"/>
      <line num="46" type="stmt" count="0"/>
      <line num="48" type="stmt" count="0"/>
      <line num="49" type="stmt" count="0"/>
      <line num="51" type="stmt" count="0"/>
      <line num="53" type="stmt" count="0"/>
      <line num="55" type="stmt" count="0"/>
      <line num="56" type="stmt" count="0"/>
      <line num="57" type="stmt" count="0"/>
      <line num="58" type="stmt" count="0"/>
      <line num="59" type="stmt" count="0"/>
      <line num="60" type="stmt" count="0"/>
      <line num="61" type="stmt" count="0"/>
      <line num="64" type="stmt" count="0"/>
      <line num="65" type="stmt" count="0"/>
      <line num="66" type="stmt" count="0"/>
      <line num="67" type="stmt" count="0"/>
      <line num="68" type="stmt" count="0"/>
      <line num="69" type="stmt" count="0"/>
      <line num="70" type="stmt" count="0"/>
      <line num="72" type="stmt" count="0"/>
      <metrics loc="79" ncloc="60" classes="1" methods="2" coveredmethods="1" conditionals="0" coveredconditionals="0" statements="22" coveredstatements="1" elements="24" coveredelements="2"/>
    </file>
    <file name="/var/www/app/Console/Commands/SetRepairTogetherPasswords.php">
      <class name="App\Console\Commands\SetRepairTogetherPasswords" namespace="global">
        <metrics complexity="2" methods="1" coveredmethods="0" conditionals="0" coveredconditionals="0" statements="11" coveredstatements="0" elements="12" coveredelements="0"/>
      </class>
      <line num="30" type="method" name="handle" visibility="public" complexity="2" crap="6" count="0"/>
      <line num="32" type="stmt" count="0"/>
      <line num="33" type="stmt" count="0"/>
      <line num="34" type="stmt" count="0"/>
      <line num="36" type="stmt" count="0"/>
      <line num="37" type="stmt" count="0"/>
      <line num="38" type="stmt" count="0"/>
      <line num="41" type="stmt" count="0"/>
      <line num="42" type="stmt" count="0"/>
      <line num="45" type="stmt" count="0"/>
      <line num="46" type="stmt" count="0"/>
      <line num="48" type="stmt" count="0"/>
      <metrics loc="51" ncloc="36" classes="1" methods="1" coveredmethods="0" conditionals="0" coveredconditionals="0" statements="11" coveredstatements="0" elements="12" coveredelements="0"/>
    </file>
    <file name="/var/www/app/Console/Commands/SyncDiscourseGroups.php">
      <class name="App\Console\Commands\SyncDiscourseGroups" namespace="global">
        <metrics complexity="2" methods="2" coveredmethods="1" conditionals="0" coveredconditionals="0" statements="3" coveredstatements="2" elements="5" coveredelements="3"/>
      </class>
      <line num="30" type="method" name="__construct" visibility="public" complexity="1" crap="1" count="34"/>
      <line num="32" type="stmt" count="34"/>
      <line num="33" type="stmt" count="34"/>
      <line num="39" type="method" name="handle" visibility="public" complexity="1" crap="2" count="0"/>
      <line num="41" type="stmt" count="0"/>
      <metrics loc="44" ncloc="26" classes="1" methods="2" coveredmethods="1" conditionals="0" coveredconditionals="0" statements="3" coveredstatements="2" elements="5" coveredelements="3"/>
    </file>
    <file name="/var/www/app/Console/Commands/SyncDiscourseUsernames.php">
      <class name="App\Console\Commands\SyncDiscourseUsernames" namespace="global">
        <metrics complexity="11" methods="2" coveredmethods="1" conditionals="0" coveredconditionals="0" statements="39" coveredstatements="2" elements="41" coveredelements="3"/>
      </class>
      <line num="34" type="method" name="__construct" visibility="public" complexity="1" crap="1" count="34"/>
      <line num="36" type="stmt" count="34"/>
      <line num="37" type="stmt" count="34"/>
      <line num="43" type="method" name="handle" visibility="public" complexity="10" crap="110" count="0"/>
      <line num="45" type="stmt" count="0"/>
      <line num="46" type="stmt" count="0"/>
      <line num="48" type="stmt" count="0"/>
      <line num="51" type="stmt" count="0"/>
      <line num="52" type="stmt" count="0"/>
      <line num="54" type="stmt" count="0"/>
      <line num="55" type="stmt" count="0"/>
      <line num="56" type="stmt" count="0"/>
      <line num="59" type="stmt" count="0"/>
      <line num="60" type="stmt" count="0"/>
      <line num="61" type="stmt" count="0"/>
      <line num="64" type="stmt" count="0"/>
      <line num="65" type="stmt" count="0"/>
      <line num="67" type="stmt" count="0"/>
      <line num="68" type="stmt" count="0"/>
      <line num="70" type="stmt" count="0"/>
      <line num="71" type="stmt" count="0"/>
      <line num="73" type="stmt" count="0"/>
      <line num="74" type="stmt" count="0"/>
      <line num="75" type="stmt" count="0"/>
      <line num="76" type="stmt" count="0"/>
      <line num="77" type="stmt" count="0"/>
      <line num="79" type="stmt" count="0"/>
      <line num="80" type="stmt" count="0"/>
      <line num="82" type="stmt" count="0"/>
      <line num="83" type="stmt" count="0"/>
      <line num="85" type="stmt" count="0"/>
      <line num="86" type="stmt" count="0"/>
      <line num="87" type="stmt" count="0"/>
      <line num="89" type="stmt" count="0"/>
      <line num="92" type="stmt" count="0"/>
      <line num="95" type="stmt" count="0"/>
      <line num="99" type="stmt" count="0"/>
      <line num="100" type="stmt" count="0"/>
      <line num="101" type="stmt" count="0"/>
      <line num="102" type="stmt" count="0"/>
      <line num="104" type="stmt" count="0"/>
      <metrics loc="107" ncloc="89" classes="1" methods="2" coveredmethods="1" conditionals="0" coveredconditionals="0" statements="39" coveredstatements="2" elements="41" coveredelements="3"/>
    </file>
    <file name="/var/www/app/Console/Commands/SyncEvents.php">
      <class name="App\Console\Commands\SyncEvents" namespace="global">
        <metrics complexity="12" methods="3" coveredmethods="1" conditionals="0" coveredconditionals="0" statements="52" coveredstatements="3" elements="55" coveredelements="4"/>
      </class>
      <line num="39" type="method" name="__construct" visibility="public" complexity="1" crap="1" count="34"/>
      <line num="41" type="stmt" count="34"/>
      <line num="43" type="stmt" count="34"/>
      <line num="44" type="stmt" count="34"/>
      <line num="50" type="method" name="handle" visibility="public" complexity="9" crap="90" count="0"/>
      <line num="52" type="stmt" count="0"/>
      <line num="53" type="stmt" count="0"/>
      <line num="54" type="stmt" count="0"/>
      <line num="55" type="stmt" count="0"/>
      <line num="56" type="stmt" count="0"/>
      <line num="58" type="stmt" count="0"/>
      <line num="60" type="stmt" count="0"/>
      <line num="61" type="stmt" count="0"/>
      <line num="64" type="stmt" count="0"/>
      <line num="66" type="stmt" count="0"/>
      <line num="68" type="stmt" count="0"/>
      <line num="70" type="stmt" count="0"/>
      <line num="72" type="stmt" count="0"/>
      <line num="73" type="stmt" count="0"/>
      <line num="75" type="stmt" count="0"/>
      <line num="77" type="stmt" count="0"/>
      <line num="78" type="stmt" count="0"/>
      <line num="79" type="stmt" count="0"/>
      <line num="80" type="stmt" count="0"/>
      <line num="81" type="stmt" count="0"/>
      <line num="82" type="stmt" count="0"/>
      <line num="83" type="stmt" count="0"/>
      <line num="84" type="stmt" count="0"/>
      <line num="85" type="stmt" count="0"/>
      <line num="86" type="stmt" count="0"/>
      <line num="87" type="stmt" count="0"/>
      <line num="88" type="stmt" count="0"/>
      <line num="89" type="stmt" count="0"/>
      <line num="90" type="stmt" count="0"/>
      <line num="91" type="stmt" count="0"/>
      <line num="93" type="stmt" count="0"/>
      <line num="94" type="stmt" count="0"/>
      <line num="95" type="stmt" count="0"/>
      <line num="96" type="stmt" count="0"/>
      <line num="97" type="stmt" count="0"/>
      <line num="98" type="stmt" count="0"/>
      <line num="101" type="stmt" count="0"/>
      <line num="103" type="stmt" count="0"/>
      <line num="104" type="stmt" count="0"/>
      <line num="105" type="stmt" count="0"/>
      <line num="106" type="stmt" count="0"/>
      <line num="111" type="stmt" count="0"/>
      <line num="112" type="stmt" count="0"/>
      <line num="114" type="stmt" count="0"/>
      <line num="115" type="stmt" count="0"/>
      <line num="116" type="stmt" count="0"/>
      <line num="119" type="stmt" count="0"/>
      <line num="123" type="method" name="validateDate" visibility="protected" complexity="2" crap="6" count="0"/>
      <line num="125" type="stmt" count="0"/>
      <line num="127" type="stmt" count="0"/>
      <metrics loc="130" ncloc="105" classes="1" methods="3" coveredmethods="1" conditionals="0" coveredconditionals="0" statements="52" coveredstatements="3" elements="55" coveredelements="4"/>
    </file>
    <file name="/var/www/app/Console/Commands/SyncGroups.php">
      <class name="App\Console\Commands\SyncGroups" namespace="global">
        <metrics complexity="8" methods="2" coveredmethods="1" conditionals="0" coveredconditionals="0" statements="33" coveredstatements="3" elements="35" coveredelements="4"/>
      </class>
      <line num="37" type="method" name="__construct" visibility="public" complexity="1" crap="1" count="34"/>
      <line num="39" type="stmt" count="34"/>
      <line num="41" type="stmt" count="34"/>
      <line num="42" type="stmt" count="34"/>
      <line num="48" type="method" name="handle" visibility="public" complexity="7" crap="56" count="0"/>
      <line num="50" type="stmt" count="0"/>
      <line num="52" type="stmt" count="0"/>
      <line num="54" type="stmt" count="0"/>
      <line num="55" type="stmt" count="0"/>
      <line num="56" type="stmt" count="0"/>
      <line num="57" type="stmt" count="0"/>
      <line num="58" type="stmt" count="0"/>
      <line num="59" type="stmt" count="0"/>
      <line num="60" type="stmt" count="0"/>
      <line num="61" type="stmt" count="0"/>
      <line num="63" type="stmt" count="0"/>
      <line num="64" type="stmt" count="0"/>
      <line num="65" type="stmt" count="0"/>
      <line num="66" type="stmt" count="0"/>
      <line num="67" type="stmt" count="0"/>
      <line num="68" type="stmt" count="0"/>
      <line num="70" type="stmt" count="0"/>
      <line num="72" type="stmt" count="0"/>
      <line num="74" type="stmt" count="0"/>
      <line num="75" type="stmt" count="0"/>
      <line num="76" type="stmt" count="0"/>
      <line num="77" type="stmt" count="0"/>
      <line num="82" type="stmt" count="0"/>
      <line num="83" type="stmt" count="0"/>
      <line num="85" type="stmt" count="0"/>
      <line num="87" type="stmt" count="0"/>
      <line num="88" type="stmt" count="0"/>
      <line num="89" type="stmt" count="0"/>
      <line num="91" type="stmt" count="0"/>
      <line num="92" type="stmt" count="0"/>
      <metrics loc="97" ncloc="73" classes="1" methods="2" coveredmethods="1" conditionals="0" coveredconditionals="0" statements="33" coveredstatements="3" elements="35" coveredelements="4"/>
    </file>
    <file name="/var/www/app/Console/Commands/SyncNetworkUsersToDiscourseGroup.php">
      <class name="App\Console\Commands\SyncNetworkUsersToDiscourseGroup" namespace="global">
        <metrics complexity="10" methods="3" coveredmethods="0" conditionals="0" coveredconditionals="0" statements="45" coveredstatements="3" elements="48" coveredelements="3"/>
      </class>
      <line num="32" type="method" name="__construct" visibility="public" complexity="2" crap="2.06" count="34"/>
      <line num="34" type="stmt" count="34"/>
      <line num="36" type="stmt" count="34"/>
      <line num="37" type="stmt" count="34"/>
      <line num="40" type="stmt" count="0"/>
      <line num="46" type="method" name="handle" visibility="public" complexity="5" crap="30" count="0"/>
      <line num="48" type="stmt" count="0"/>
      <line num="49" type="stmt" count="0"/>
      <line num="52" type="stmt" count="0"/>
      <line num="54" type="stmt" count="0"/>
      <line num="55" type="stmt" count="0"/>
      <line num="57" type="stmt" count="0"/>
      <line num="58" type="stmt" count="0"/>
      <line num="59" type="stmt" count="0"/>
      <line num="60" type="stmt" count="0"/>
      <line num="62" type="stmt" count="0"/>
      <line num="64" type="stmt" count="0"/>
      <line num="65" type="stmt" count="0"/>
      <line num="66" type="stmt" count="0"/>
      <line num="67" type="stmt" count="0"/>
      <line num="71" type="stmt" count="0"/>
      <line num="76" type="method" name="syncUserToGroup" visibility="protected" complexity="3" crap="12" count="0"/>
      <line num="78" type="stmt" count="0"/>
      <line num="81" type="stmt" count="0"/>
      <line num="86" type="stmt" count="0"/>
      <line num="87" type="stmt" count="0"/>
      <line num="88" type="stmt" count="0"/>
      <line num="89" type="stmt" count="0"/>
      <line num="90" type="stmt" count="0"/>
      <line num="91" type="stmt" count="0"/>
      <line num="92" type="stmt" count="0"/>
      <line num="93" type="stmt" count="0"/>
      <line num="94" type="stmt" count="0"/>
      <line num="96" type="stmt" count="0"/>
      <line num="97" type="stmt" count="0"/>
      <line num="98" type="stmt" count="0"/>
      <line num="99" type="stmt" count="0"/>
      <line num="100" type="stmt" count="0"/>
      <line num="101" type="stmt" count="0"/>
      <line num="102" type="stmt" count="0"/>
      <line num="103" type="stmt" count="0"/>
      <line num="104" type="stmt" count="0"/>
      <line num="105" type="stmt" count="0"/>
      <line num="106" type="stmt" count="0"/>
      <line num="107" type="stmt" count="0"/>
      <line num="108" type="stmt" count="0"/>
      <line num="111" type="stmt" count="0"/>
      <line num="112" type="stmt" count="0"/>
      <metrics loc="116" ncloc="92" classes="1" methods="3" coveredmethods="0" conditionals="0" coveredconditionals="0" statements="45" coveredstatements="3" elements="48" coveredelements="3"/>
    </file>
    <file name="/var/www/app/Console/Commands/UserCreate.php">
      <class name="App\Console\Commands\UserCreate" namespace="global">
        <metrics complexity="6" methods="2" coveredmethods="1" conditionals="0" coveredconditionals="0" statements="42" coveredstatements="1" elements="44" coveredelements="2"/>
      </class>
      <line num="35" type="method" name="__construct" visibility="public" complexity="1" crap="1" count="34"/>
      <line num="37" type="stmt" count="34"/>
      <line num="43" type="method" name="handle" visibility="public" complexity="5" crap="30" count="0"/>
      <line num="45" type="stmt" count="0"/>
      <line num="46" type="stmt" count="0"/>
      <line num="47" type="stmt" count="0"/>
      <line num="48" type="stmt" count="0"/>
      <line num="49" type="stmt" count="0"/>
      <line num="51" type="stmt" count="0"/>
      <line num="53" type="stmt" count="0"/>
      <line num="54" type="stmt" count="0"/>
      <line num="57" type="stmt" count="0"/>
      <line num="58" type="stmt" count="0"/>
      <line num="59" type="stmt" count="0"/>
      <line num="60" type="stmt" count="0"/>
      <line num="61" type="stmt" count="0"/>
      <line num="63" type="stmt" count="0"/>
      <line num="64" type="stmt" count="0"/>
      <line num="65" type="stmt" count="0"/>
      <line num="66" type="stmt" count="0"/>
      <line num="67" type="stmt" count="0"/>
      <line num="69" type="stmt" count="0"/>
      <line num="71" type="stmt" count="0"/>
      <line num="74" type="stmt" count="0"/>
      <line num="75" type="stmt" count="0"/>
      <line num="76" type="stmt" count="0"/>
      <line num="77" type="stmt" count="0"/>
      <line num="78" type="stmt" count="0"/>
      <line num="79" type="stmt" count="0"/>
      <line num="80" type="stmt" count="0"/>
      <line num="81" type="stmt" count="0"/>
      <line num="82" type="stmt" count="0"/>
      <line num="83" type="stmt" count="0"/>
      <line num="84" type="stmt" count="0"/>
      <line num="85" type="stmt" count="0"/>
      <line num="88" type="stmt" count="0"/>
      <line num="89" type="stmt" count="0"/>
      <line num="91" type="stmt" count="0"/>
      <line num="93" type="stmt" count="0"/>
      <line num="95" type="stmt" count="0"/>
      <line num="96" type="stmt" count="0"/>
      <line num="97" type="stmt" count="0"/>
      <line num="101" type="stmt" count="0"/>
      <line num="104" type="stmt" count="0"/>
      <metrics loc="108" ncloc="89" classes="1" methods="2" coveredmethods="1" conditionals="0" coveredconditionals="0" statements="42" coveredstatements="1" elements="44" coveredelements="2"/>
    </file>
    <file name="/var/www/app/Console/Commands/UserMakeHost.php">
      <class name="App\Console\Commands\UserMakeHost" namespace="global">
        <metrics complexity="5" methods="2" coveredmethods="1" conditionals="0" coveredconditionals="0" statements="16" coveredstatements="1" elements="18" coveredelements="2"/>
      </class>
      <line num="34" type="method" name="__construct" visibility="public" complexity="1" crap="1" count="34"/>
      <line num="36" type="stmt" count="34"/>
      <line num="42" type="method" name="handle" visibility="public" complexity="4" crap="20" count="0"/>
      <line num="44" type="stmt" count="0"/>
      <line num="45" type="stmt" count="0"/>
      <line num="47" type="stmt" count="0"/>
      <line num="48" type="stmt" count="0"/>
      <line num="49" type="stmt" count="0"/>
      <line num="50" type="stmt" count="0"/>
      <line num="53" type="stmt" count="0"/>
      <line num="54" type="stmt" count="0"/>
      <line num="55" type="stmt" count="0"/>
      <line num="56" type="stmt" count="0"/>
      <line num="59" type="stmt" count="0"/>
      <line num="60" type="stmt" count="0"/>
      <line num="62" type="stmt" count="0"/>
      <line num="63" type="stmt" count="0"/>
      <line num="64" type="stmt" count="0"/>
      <metrics loc="68" ncloc="50" classes="1" methods="2" coveredmethods="1" conditionals="0" coveredconditionals="0" statements="16" coveredstatements="1" elements="18" coveredelements="2"/>
    </file>
    <file name="/var/www/app/Console/Commands/WordpressCreateEvent.php">
      <class name="App\Console\Commands\WordpressCreateEvent" namespace="global">
        <metrics complexity="3" methods="2" coveredmethods="1" conditionals="0" coveredconditionals="0" statements="10" coveredstatements="1" elements="12" coveredelements="2"/>
      </class>
      <line num="30" type="method" name="__construct" visibility="public" complexity="1" crap="1" count="34"/>
      <line num="32" type="stmt" count="34"/>
      <line num="38" type="method" name="handle" visibility="public" complexity="2" crap="6" count="0"/>
      <line num="40" type="stmt" count="0"/>
      <line num="41" type="stmt" count="0"/>
      <line num="43" type="stmt" count="0"/>
      <line num="46" type="stmt" count="0"/>
      <line num="47" type="stmt" count="0"/>
      <line num="49" type="stmt" count="0"/>
      <line num="50" type="stmt" count="0"/>
      <line num="51" type="stmt" count="0"/>
      <line num="52" type="stmt" count="0"/>
      <metrics loc="55" ncloc="37" classes="1" methods="2" coveredmethods="1" conditionals="0" coveredconditionals="0" statements="10" coveredstatements="1" elements="12" coveredelements="2"/>
    </file>
    <file name="/var/www/app/Console/Commands/WordpressCreateEventFailed.php">
      <class name="App\Console\Commands\WordpressCreateEventFailed" namespace="global">
        <metrics complexity="5" methods="2" coveredmethods="1" conditionals="0" coveredconditionals="0" statements="12" coveredstatements="1" elements="14" coveredelements="2"/>
      </class>
      <line num="31" type="method" name="__construct" visibility="public" complexity="1" crap="1" count="34"/>
      <line num="33" type="stmt" count="34"/>
      <line num="39" type="method" name="handle" visibility="public" complexity="4" crap="20" count="0"/>
      <line num="41" type="stmt" count="0"/>
      <line num="42" type="stmt" count="0"/>
      <line num="44" type="stmt" count="0"/>
      <line num="46" type="stmt" count="0"/>
      <line num="47" type="stmt" count="0"/>
      <line num="49" type="stmt" count="0"/>
      <line num="51" type="stmt" count="0"/>
      <line num="52" type="stmt" count="0"/>
      <line num="53" type="stmt" count="0"/>
      <line num="54" type="stmt" count="0"/>
      <line num="55" type="stmt" count="0"/>
      <metrics loc="61" ncloc="43" classes="1" methods="2" coveredmethods="1" conditionals="0" coveredconditionals="0" statements="12" coveredstatements="1" elements="14" coveredelements="2"/>
    </file>
    <file name="/var/www/app/Console/Commands/WordpressCreateEventMissing.php">
      <class name="App\Console\Commands\WordpressCreateEventMissing" namespace="global">
        <metrics complexity="4" methods="2" coveredmethods="1" conditionals="0" coveredconditionals="0" statements="10" coveredstatements="1" elements="12" coveredelements="2"/>
      </class>
      <line num="30" type="method" name="__construct" visibility="public" complexity="1" crap="1" count="34"/>
      <line num="32" type="stmt" count="34"/>
      <line num="38" type="method" name="handle" visibility="public" complexity="3" crap="12" count="0"/>
      <line num="40" type="stmt" count="0"/>
      <line num="42" type="stmt" count="0"/>
      <line num="43" type="stmt" count="0"/>
      <line num="44" type="stmt" count="0"/>
      <line num="45" type="stmt" count="0"/>
      <line num="46" type="stmt" count="0"/>
      <line num="47" type="stmt" count="0"/>
      <line num="48" type="stmt" count="0"/>
      <line num="49" type="stmt" count="0"/>
      <metrics loc="54" ncloc="36" classes="1" methods="2" coveredmethods="1" conditionals="0" coveredconditionals="0" statements="10" coveredstatements="1" elements="12" coveredelements="2"/>
    </file>
    <file name="/var/www/app/Console/Commands/WordpressCreateGroup.php">
      <class name="App\Console\Commands\WordpressCreateGroup" namespace="global">
        <metrics complexity="3" methods="2" coveredmethods="1" conditionals="0" coveredconditionals="0" statements="10" coveredstatements="1" elements="12" coveredelements="2"/>
      </class>
      <line num="30" type="method" name="__construct" visibility="public" complexity="1" crap="1" count="34"/>
      <line num="32" type="stmt" count="34"/>
      <line num="38" type="method" name="handle" visibility="public" complexity="2" crap="6" count="0"/>
      <line num="40" type="stmt" count="0"/>
      <line num="41" type="stmt" count="0"/>
      <line num="43" type="stmt" count="0"/>
      <line num="46" type="stmt" count="0"/>
      <line num="47" type="stmt" count="0"/>
      <line num="49" type="stmt" count="0"/>
      <line num="50" type="stmt" count="0"/>
      <line num="51" type="stmt" count="0"/>
      <line num="52" type="stmt" count="0"/>
      <metrics loc="55" ncloc="37" classes="1" methods="2" coveredmethods="1" conditionals="0" coveredconditionals="0" statements="10" coveredstatements="1" elements="12" coveredelements="2"/>
    </file>
    <file name="/var/www/app/Console/Kernel.php">
      <class name="App\Console\Kernel" namespace="global">
        <metrics complexity="3" methods="2" coveredmethods="1" conditionals="0" coveredconditionals="0" statements="21" coveredstatements="11" elements="23" coveredelements="12"/>
      </class>
      <line num="20" type="method" name="schedule" visibility="protected" complexity="2" crap="2.58" count="86"/>
      <line num="22" type="stmt" count="86"/>
      <line num="23" type="stmt" count="0"/>
      <line num="24" type="stmt" count="0"/>
      <line num="25" type="stmt" count="0"/>
      <line num="26" type="stmt" count="0"/>
      <line num="28" type="stmt" count="0"/>
      <line num="29" type="stmt" count="0"/>
      <line num="30" type="stmt" count="0"/>
      <line num="31" type="stmt" count="0"/>
      <line num="32" type="stmt" count="0"/>
      <line num="33" type="stmt" count="0"/>
      <line num="35" type="stmt" count="86"/>
      <line num="37" type="stmt" count="86"/>
      <line num="38" type="stmt" count="86"/>
      <line num="39" type="stmt" count="86"/>
      <line num="40" type="stmt" count="86"/>
      <line num="42" type="stmt" count="86"/>
      <line num="44" type="stmt" count="86"/>
      <line num="46" type="stmt" count="86"/>
      <line num="52" type="method" name="commands" visibility="protected" complexity="1" crap="1" count="86"/>
      <line num="54" type="stmt" count="86"/>
      <line num="56" type="stmt" count="86"/>
      <metrics loc="59" ncloc="53" classes="1" methods="2" coveredmethods="1" conditionals="0" coveredconditionals="0" statements="21" coveredstatements="11" elements="23" coveredelements="12"/>
    </file>
    <file name="/var/www/app/Device.php">
      <class name="App\Device" namespace="global">
        <metrics complexity="111" methods="27" coveredmethods="10" conditionals="0" coveredconditionals="0" statements="156" coveredstatements="56" elements="183" coveredelements="66"/>
      </class>
      <line num="59" type="method" name="isCircleCI" visibility="private" complexity="2" crap="6" count="0"/>
      <line num="61" type="stmt" count="0"/>
      <line num="89" type="method" name="boot" visibility="public" complexity="1" crap="1.02" count="86"/>
      <line num="91" type="stmt" count="86"/>
      <line num="93" type="stmt" count="86"/>
      <line num="94" type="stmt" count="0"/>
      <line num="95" type="stmt" count="86"/>
      <line num="102" type="method" name="getDisplacementFactor" visibility="public" complexity="1" crap="1" count="10"/>
      <line num="104" type="stmt" count="10"/>
      <line num="107" type="method" name="ofThisEvent" visibility="public" complexity="1" crap="1" count="4"/>
      <line num="110" type="stmt" count="4"/>
      <line num="118" type="stmt" count="4"/>
      <line num="121" type="method" name="ofThisGroup" visibility="public" complexity="1" crap="1" count="7"/>
      <line num="124" type="stmt" count="7"/>
      <line num="127" type="stmt" count="7"/>
      <line num="130" type="method" name="statusCount" visibility="public" complexity="17" crap="19.70" count="7"/>
      <line num="132" type="stmt" count="7"/>
      <line num="133" type="stmt" count="7"/>
      <line num="135" type="stmt" count="7"/>
      <line num="136" type="stmt" count="7"/>
      <line num="138" type="stmt" count="7"/>
      <line num="139" type="stmt" count="7"/>
      <line num="141" type="stmt" count="7"/>
      <line num="142" type="stmt" count="0"/>
      <line num="146" type="stmt" count="7"/>
      <line num="148" type="stmt" count="7"/>
      <line num="150" type="stmt" count="7"/>
      <line num="151" type="stmt" count="0"/>
      <line num="154" type="stmt" count="7"/>
      <line num="155" type="stmt" count="7"/>
      <line num="156" type="stmt" count="7"/>
      <line num="157" type="stmt" count="0"/>
      <line num="158" type="stmt" count="7"/>
      <line num="159" type="stmt" count="0"/>
      <line num="162" type="stmt" count="7"/>
      <line num="165" type="method" name="countByCluster" visibility="public" complexity="13" crap="182" count="0"/>
      <line num="167" type="stmt" count="0"/>
      <line num="172" type="stmt" count="0"/>
      <line num="174" type="stmt" count="0"/>
      <line num="175" type="stmt" count="0"/>
      <line num="177" type="stmt" count="0"/>
      <line num="178" type="stmt" count="0"/>
      <line num="181" type="stmt" count="0"/>
      <line num="183" type="stmt" count="0"/>
      <line num="185" type="stmt" count="0"/>
      <line num="186" type="stmt" count="0"/>
      <line num="187" type="stmt" count="0"/>
      <line num="188" type="stmt" count="0"/>
      <line num="189" type="stmt" count="0"/>
      <line num="190" type="stmt" count="0"/>
      <line num="193" type="stmt" count="0"/>
      <line num="196" type="method" name="countByClustersYearStatus" visibility="public" complexity="1" crap="1" count="7"/>
      <line num="198" type="stmt" count="7"/>
      <line num="205" type="stmt" count="7"/>
      <line num="207" type="stmt" count="7"/>
      <line num="210" type="method" name="findMostSeen" visibility="public" complexity="30" crap="36.40" count="7"/>
      <line num="212" type="stmt" count="7"/>
      <line num="217" type="stmt" count="7"/>
      <line num="219" type="stmt" count="7"/>
      <line num="220" type="stmt" count="7"/>
      <line num="222" type="stmt" count="7"/>
      <line num="223" type="stmt" count="7"/>
      <line num="225" type="stmt" count="7"/>
      <line num="226" type="stmt" count="7"/>
      <line num="229" type="stmt" count="7"/>
      <line num="230" type="stmt" count="7"/>
      <line num="232" type="stmt" count="7"/>
      <line num="234" type="stmt" count="7"/>
      <line num="235" type="stmt" count="7"/>
      <line num="236" type="stmt" count="7"/>
      <line num="237" type="stmt" count="7"/>
      <line num="238" type="stmt" count="0"/>
      <line num="239" type="stmt" count="7"/>
      <line num="240" type="stmt" count="7"/>
      <line num="243" type="stmt" count="0"/>
      <line num="245" type="stmt" count="7"/>
      <line num="246" type="stmt" count="0"/>
      <line num="247" type="stmt" count="7"/>
      <line num="248" type="stmt" count="0"/>
      <line num="249" type="stmt" count="7"/>
      <line num="250" type="stmt" count="7"/>
      <line num="253" type="stmt" count="0"/>
      <line num="257" type="method" name="deviceCategory" visibility="public" complexity="1" crap="1" count="1"/>
      <line num="259" type="stmt" count="1"/>
      <line num="262" type="method" name="deviceEvent" visibility="public" complexity="1" crap="1" count="1"/>
      <line num="264" type="stmt" count="1"/>
      <line num="267" type="method" name="barriers" visibility="public" complexity="1" crap="1" count="1"/>
      <line num="269" type="stmt" count="1"/>
      <line num="275" type="method" name="eCo2Diverted" visibility="public" complexity="5" crap="30" count="0"/>
      <line num="277" type="stmt" count="0"/>
      <line num="279" type="stmt" count="0"/>
      <line num="280" type="stmt" count="0"/>
      <line num="281" type="stmt" count="0"/>
      <line num="283" type="stmt" count="0"/>
      <line num="284" type="stmt" count="0"/>
      <line num="286" type="stmt" count="0"/>
      <line num="287" type="stmt" count="0"/>
      <line num="288" type="stmt" count="0"/>
      <line num="293" type="stmt" count="0"/>
      <line num="300" type="method" name="uCo2Diverted" visibility="public" complexity="3" crap="12" count="0"/>
      <line num="302" type="stmt" count="0"/>
      <line num="304" type="stmt" count="0"/>
      <line num="305" type="stmt" count="0"/>
      <line num="306" type="stmt" count="0"/>
      <line num="308" type="stmt" count="0"/>
      <line num="312" type="stmt" count="0"/>
      <line num="319" type="method" name="eWasteDiverted" visibility="public" complexity="7" crap="56" count="0"/>
      <line num="321" type="stmt" count="0"/>
      <line num="323" type="stmt" count="0"/>
      <line num="324" type="stmt" count="0"/>
      <line num="326" type="stmt" count="0"/>
      <line num="327" type="stmt" count="0"/>
      <line num="328" type="stmt" count="0"/>
      <line num="331" type="stmt" count="0"/>
      <line num="332" type="stmt" count="0"/>
      <line num="333" type="stmt" count="0"/>
      <line num="335" type="stmt" count="0"/>
      <line num="336" type="stmt" count="0"/>
      <line num="338" type="stmt" count="0"/>
      <line num="339" type="stmt" count="0"/>
      <line num="340" type="stmt" count="0"/>
      <line num="343" type="stmt" count="0"/>
      <line num="347" type="stmt" count="0"/>
      <line num="354" type="method" name="uWasteDiverted" visibility="public" complexity="4" crap="20" count="0"/>
      <line num="356" type="stmt" count="0"/>
      <line num="358" type="stmt" count="0"/>
      <line num="359" type="stmt" count="0"/>
      <line num="360" type="stmt" count="0"/>
      <line num="362" type="stmt" count="0"/>
      <line num="366" type="stmt" count="0"/>
      <line num="369" type="method" name="isFixed" visibility="public" complexity="1" crap="2" count="0"/>
      <line num="371" type="stmt" count="0"/>
      <line num="374" type="method" name="getRepairStatus" visibility="public" complexity="4" crap="20" count="0"/>
      <line num="376" type="stmt" count="0"/>
      <line num="377" type="stmt" count="0"/>
      <line num="378" type="stmt" count="0"/>
      <line num="379" type="stmt" count="0"/>
      <line num="380" type="stmt" count="0"/>
      <line num="381" type="stmt" count="0"/>
      <line num="384" type="stmt" count="0"/>
      <line num="387" type="method" name="getSpareParts" visibility="public" complexity="5" crap="30" count="0"/>
      <line num="389" type="stmt" count="0"/>
      <line num="390" type="stmt" count="0"/>
      <line num="391" type="stmt" count="0"/>
      <line num="392" type="stmt" count="0"/>
      <line num="393" type="stmt" count="0"/>
      <line num="394" type="stmt" count="0"/>
      <line num="397" type="stmt" count="0"/>
      <line num="400" type="method" name="getShortProblem" visibility="public" complexity="1" crap="1" count="1"/>
      <line num="402" type="stmt" count="1"/>
      <line num="408" type="method" name="getImages" visibility="public" complexity="2" crap="2" count="1"/>
      <line num="410" type="stmt" count="1"/>
      <line num="411" type="stmt" count="1"/>
      <line num="414" type="stmt" count="1"/>
      <line num="416" type="stmt" count="1"/>
      <line num="419" type="method" name="fixedPoweredCount" visibility="public" complexity="1" crap="2" count="0"/>
      <line num="421" type="stmt" count="0"/>
      <line num="422" type="stmt" count="0"/>
      <line num="423" type="stmt" count="0"/>
      <line num="424" type="stmt" count="0"/>
      <line num="427" type="method" name="fixedUnpoweredCount" visibility="public" complexity="1" crap="2" count="0"/>
      <line num="429" type="stmt" count="0"/>
      <line num="430" type="stmt" count="0"/>
      <line num="431" type="stmt" count="0"/>
      <line num="432" type="stmt" count="0"/>
      <line num="435" type="method" name="unpoweredCount" visibility="public" complexity="1" crap="2" count="0"/>
      <line num="437" type="stmt" count="0"/>
      <line num="438" type="stmt" count="0"/>
      <line num="439" type="stmt" count="0"/>
      <line num="442" type="method" name="poweredCount" visibility="public" complexity="1" crap="2" count="0"/>
      <line num="444" type="stmt" count="0"/>
      <line num="445" type="stmt" count="0"/>
      <line num="446" type="stmt" count="0"/>
      <line num="449" type="method" name="getItemTypes" visibility="public" complexity="4" crap="20" count="0"/>
      <line num="457" type="stmt" count="0"/>
      <line num="458" type="stmt" count="0"/>
      <line num="460" type="stmt" count="0"/>
      <line num="487" type="stmt" count="0"/>
      <line num="488" type="stmt" count="0"/>
      <line num="489" type="stmt" count="0"/>
      <line num="493" type="stmt" count="0"/>
      <line num="496" type="method" name="setProblemAttribute" visibility="public" complexity="1" crap="1" count="2"/>
      <line num="499" type="stmt" count="2"/>
      <metrics loc="502" ncloc="456" classes="1" methods="27" coveredmethods="10" conditionals="0" coveredconditionals="0" statements="156" coveredstatements="56" elements="183" coveredelements="66"/>
    </file>
    <file name="/var/www/app/DeviceBarrier.php">
      <class name="App\DeviceBarrier" namespace="global">
        <metrics complexity="0" methods="0" coveredmethods="0" conditionals="0" coveredconditionals="0" statements="0" coveredstatements="0" elements="0" coveredelements="0"/>
      </class>
      <metrics loc="14" ncloc="14" classes="0" methods="0" coveredmethods="0" conditionals="0" coveredconditionals="0" statements="0" coveredstatements="0" elements="0" coveredelements="0"/>
    </file>
    <file name="/var/www/app/DeviceList.php">
      <class name="App\DeviceList" namespace="global">
        <metrics complexity="7" methods="2" coveredmethods="0" conditionals="0" coveredconditionals="0" statements="9" coveredstatements="0" elements="11" coveredelements="0"/>
      </class>
      <line num="30" type="method" name="getRepairStatus" visibility="public" complexity="5" crap="30" count="0"/>
      <line num="32" type="stmt" count="0"/>
      <line num="33" type="stmt" count="0"/>
      <line num="34" type="stmt" count="0"/>
      <line num="35" type="stmt" count="0"/>
      <line num="36" type="stmt" count="0"/>
      <line num="37" type="stmt" count="0"/>
      <line num="38" type="stmt" count="0"/>
      <line num="40" type="stmt" count="0"/>
      <line num="44" type="method" name="getSpareParts" visibility="public" complexity="2" crap="6" count="0"/>
      <line num="46" type="stmt" count="0"/>
      <metrics loc="49" ncloc="36" classes="1" methods="2" coveredmethods="0" conditionals="0" coveredconditionals="0" statements="9" coveredstatements="0" elements="11" coveredelements="0"/>
    </file>
    <file name="/var/www/app/DripEvent.php">
      <class name="App\DripEvent" namespace="global">
        <metrics complexity="6" methods="1" coveredmethods="0" conditionals="0" coveredconditionals="0" statements="38" coveredstatements="0" elements="39" coveredelements="0"/>
      </class>
      <line num="27" type="method" name="createOrUpdateSubscriber" visibility="public" complexity="6" crap="42" count="0"/>
      <line num="29" type="stmt" count="0"/>
      <line num="30" type="stmt" count="0"/>
      <line num="31" type="stmt" count="0"/>
      <line num="32" type="stmt" count="0"/>
      <line num="34" type="stmt" count="0"/>
      <line num="35" type="stmt" count="0"/>
      <line num="36" type="stmt" count="0"/>
      <line num="38" type="stmt" count="0"/>
      <line num="39" type="stmt" count="0"/>
      <line num="40" type="stmt" count="0"/>
      <line num="41" type="stmt" count="0"/>
      <line num="42" type="stmt" count="0"/>
      <line num="43" type="stmt" count="0"/>
      <line num="46" type="stmt" count="0"/>
      <line num="47" type="stmt" count="0"/>
      <line num="48" type="stmt" count="0"/>
      <line num="49" type="stmt" count="0"/>
      <line num="51" type="stmt" count="0"/>
      <line num="52" type="stmt" count="0"/>
      <line num="54" type="stmt" count="0"/>
      <line num="55" type="stmt" count="0"/>
      <line num="56" type="stmt" count="0"/>
      <line num="59" type="stmt" count="0"/>
      <line num="60" type="stmt" count="0"/>
      <line num="61" type="stmt" count="0"/>
      <line num="62" type="stmt" count="0"/>
      <line num="63" type="stmt" count="0"/>
      <line num="64" type="stmt" count="0"/>
      <line num="65" type="stmt" count="0"/>
      <line num="66" type="stmt" count="0"/>
      <line num="67" type="stmt" count="0"/>
      <line num="68" type="stmt" count="0"/>
      <line num="71" type="stmt" count="0"/>
      <line num="72" type="stmt" count="0"/>
      <line num="73" type="stmt" count="0"/>
      <line num="74" type="stmt" count="0"/>
      <line num="77" type="stmt" count="0"/>
      <line num="79" type="stmt" count="0"/>
      <metrics loc="82" ncloc="66" classes="1" methods="1" coveredmethods="0" conditionals="0" coveredconditionals="0" statements="38" coveredstatements="0" elements="39" coveredelements="0"/>
    </file>
    <file name="/var/www/app/Events/ApproveEvent.php">
      <class name="App\Events\ApproveEvent" namespace="global">
        <metrics complexity="1" methods="1" coveredmethods="1" conditionals="0" coveredconditionals="0" statements="1" coveredstatements="1" elements="2" coveredelements="2"/>
      </class>
      <line num="25" type="method" name="__construct" visibility="public" complexity="1" crap="1" count="9"/>
      <line num="27" type="stmt" count="9"/>
      <metrics loc="30" ncloc="25" classes="1" methods="1" coveredmethods="1" conditionals="0" coveredconditionals="0" statements="1" coveredstatements="1" elements="2" coveredelements="2"/>
    </file>
    <file name="/var/www/app/Events/ApproveGroup.php">
      <class name="App\Events\ApproveGroup" namespace="global">
        <metrics complexity="1" methods="1" coveredmethods="0" conditionals="0" coveredconditionals="0" statements="2" coveredstatements="0" elements="3" coveredelements="0"/>
      </class>
      <line num="26" type="method" name="__construct" visibility="public" complexity="1" crap="2" count="0"/>
      <line num="28" type="stmt" count="0"/>
      <line num="29" type="stmt" count="0"/>
      <metrics loc="32" ncloc="27" classes="1" methods="1" coveredmethods="0" conditionals="0" coveredconditionals="0" statements="2" coveredstatements="0" elements="3" coveredelements="0"/>
    </file>
    <file name="/var/www/app/Events/DeviceCreatedOrUpdated.php">
      <class name="App\Events\DeviceCreatedOrUpdated" namespace="global">
        <metrics complexity="1" methods="1" coveredmethods="1" conditionals="0" coveredconditionals="0" statements="1" coveredstatements="1" elements="2" coveredelements="2"/>
      </class>
      <line num="17" type="method" name="__construct" visibility="public" complexity="1" crap="1" count="2"/>
      <line num="19" type="stmt" count="2"/>
      <metrics loc="22" ncloc="19" classes="1" methods="1" coveredmethods="1" conditionals="0" coveredconditionals="0" statements="1" coveredstatements="1" elements="2" coveredelements="2"/>
    </file>
    <file name="/var/www/app/Events/EditEvent.php">
      <class name="App\Events\EditEvent" namespace="global">
        <metrics complexity="1" methods="1" coveredmethods="1" conditionals="0" coveredconditionals="0" statements="2" coveredstatements="2" elements="3" coveredelements="3"/>
      </class>
      <line num="26" type="method" name="__construct" visibility="public" complexity="1" crap="1" count="3"/>
      <line num="28" type="stmt" count="3"/>
      <line num="29" type="stmt" count="3"/>
      <metrics loc="32" ncloc="27" classes="1" methods="1" coveredmethods="1" conditionals="0" coveredconditionals="0" statements="2" coveredstatements="2" elements="3" coveredelements="3"/>
    </file>
    <file name="/var/www/app/Events/EditGroup.php">
      <class name="App\Events\EditGroup" namespace="global">
        <metrics complexity="1" methods="1" coveredmethods="0" conditionals="0" coveredconditionals="0" statements="2" coveredstatements="0" elements="3" coveredelements="0"/>
      </class>
[...]
      <line num="123" type="method" name="assignSkill" visibility="public" complexity="2" crap="6" count="0"/>
      <line num="125" type="stmt" count="0"/>
      <line num="126" type="stmt" count="0"/>
      <line num="130" type="method" name="groups" visibility="public" complexity="1" crap="1" count="1"/>
      <line num="132" type="stmt" count="1"/>
      <line num="141" type="method" name="groupsNearby" visibility="public" complexity="8" crap="8.11" count="1"/>
      <line num="143" type="stmt" count="1"/>
      <line num="144" type="stmt" count="0"/>
      <line num="147" type="stmt" count="1"/>
      <line num="148" type="stmt" count="1"/>
      <line num="149" type="stmt" count="1"/>
      <line num="150" type="stmt" count="1"/>
      <line num="151" type="stmt" count="1"/>
      <line num="154" type="stmt" count="1"/>
      <line num="155" type="stmt" count="1"/>
      <line num="156" type="stmt" count="1"/>
      <line num="158" type="stmt" count="1"/>
      <line num="159" type="stmt" count="0"/>
      <line num="162" type="stmt" count="1"/>
      <line num="163" type="stmt" count="1"/>
      <line num="164" type="stmt" count="1"/>
      <line num="166" type="stmt" count="1"/>
      <line num="169" type="stmt" count="1"/>
      <line num="171" type="stmt" count="1"/>
      <line num="172" type="stmt" count="1"/>
      <line num="173" type="stmt" count="1"/>
      <line num="174" type="stmt" count="1"/>
      <line num="175" type="stmt" count="0"/>
      <line num="179" type="stmt" count="1"/>
      <line num="181" type="stmt" count="1"/>
      <line num="185" type="stmt" count="1"/>
      <line num="188" type="method" name="preferences" visibility="public" complexity="1" crap="1" count="1"/>
      <line num="190" type="stmt" count="1"/>
      <line num="193" type="method" name="permissions" visibility="public" complexity="1" crap="1" count="1"/>
      <line num="195" type="stmt" count="1"/>
      <line num="198" type="method" name="addPreference" visibility="public" complexity="1" crap="1" count="3"/>
      <line num="201" type="stmt" count="3"/>
      <line num="202" type="stmt" count="3"/>
      <line num="203" type="stmt" count="3"/>
      <line num="204" type="stmt" count="3"/>
      <line num="205" type="stmt" count="3"/>
      <line num="208" type="method" name="getRolePermissions" visibility="public" complexity="1" crap="2" count="0"/>
      <line num="210" type="stmt" count="0"/>
      <line num="213" type="stmt" count="0"/>
      <line num="216" type="method" name="getUserGroups" visibility="public" complexity="1" crap="2" count="0"/>
      <line num="218" type="stmt" count="0"/>
      <line num="221" type="stmt" count="0"/>
      <line num="225" type="method" name="setPassword" visibility="public" complexity="1" crap="2" count="0"/>
      <line num="227" type="stmt" count="0"/>
      <line num="231" type="method" name="getProfile" visibility="public" complexity="2" crap="2.02" count="15"/>
      <line num="236" type="stmt" count="15"/>
      <line num="237" type="stmt" count="15"/>
      <line num="238" type="stmt" count="15"/>
      <line num="239" type="stmt" count="15"/>
      <line num="240" type="stmt" count="15"/>
      <line num="241" type="stmt" count="15"/>
      <line num="242" type="stmt" count="15"/>
      <line num="243" type="stmt" count="15"/>
      <line num="244" type="stmt" count="15"/>
      <line num="245" type="stmt" count="0"/>
      <line num="246" type="stmt" count="0"/>
      <line num="267" type="method" name="getUserList" visibility="public" complexity="4" crap="20" count="0"/>
      <line num="271" type="stmt" count="0"/>
      <line num="272" type="stmt" count="0"/>
      <line num="274" type="stmt" count="0"/>
      <line num="276" type="stmt" count="0"/>
      <line num="277" type="stmt" count="0"/>
      <line num="278" type="stmt" count="0"/>
      <line num="279" type="stmt" count="0"/>
      <line num="283" type="stmt" count="0"/>
      <line num="286" type="stmt" count="0"/>
      <line num="289" type="method" name="partyEligible" visibility="public" complexity="1" crap="2" count="0"/>
      <line num="292" type="stmt" count="0"/>
      <line num="297" type="stmt" count="0"/>
      <line num="300" type="stmt" count="0"/>
      <line num="303" type="method" name="inGroup" visibility="public" complexity="1" crap="2" count="0"/>
      <line num="305" type="stmt" count="0"/>
      <line num="310" type="stmt" count="0"/>
      <line num="315" type="stmt" count="0"/>
      <line num="318" type="method" name="isInGroup" visibility="public" complexity="1" crap="1" count="4"/>
      <line num="320" type="stmt" count="4"/>
      <line num="321" type="stmt" count="4"/>
      <line num="322" type="stmt" count="4"/>
      <line num="328" type="method" name="checkEmail" visibility="public" complexity="2" crap="6" count="0"/>
      <line num="332" type="stmt" count="0"/>
      <line num="334" type="stmt" count="0"/>
      <line num="337" type="method" name="scopeNearbyRestarters" visibility="public" complexity="1" crap="2" count="0"/>
      <line num="339" type="stmt" count="0"/>
      <line num="340" type="stmt" count="0"/>
      <line num="341" type="stmt" count="0"/>
      <line num="342" type="stmt" count="0"/>
      <line num="343" type="stmt" count="0"/>
      <line num="351" type="method" name="hasUserGivenConsent" visibility="public" complexity="5" crap="6.97" count="17"/>
      <line num="353" type="stmt" count="17"/>
      <line num="354" type="stmt" count="0"/>
      <line num="358" type="stmt" count="17"/>
      <line num="359" type="stmt" count="0"/>
      <line num="362" type="stmt" count="17"/>
      <line num="363" type="stmt" count="0"/>
      <line num="366" type="stmt" count="17"/>
      <line num="372" type="method" name="lastLogin" visibility="public" complexity="1" crap="2" count="0"/>
      <line num="374" type="stmt" count="0"/>
      <line num="380" type="method" name="anonymise" visibility="public" complexity="1" crap="2" count="0"/>
      <line num="382" type="stmt" count="0"/>
      <line num="383" type="stmt" count="0"/>
      <line num="386" type="stmt" count="0"/>
      <line num="390" type="method" name="getBiographyAttribute" visibility="public" complexity="1" crap="1" count="3"/>
      <line num="392" type="stmt" count="3"/>
      <line num="398" type="method" name="getFirstName" visibility="public" complexity="2" crap="6" count="0"/>
      <line num="400" type="stmt" count="0"/>
      <line num="401" type="stmt" count="0"/>
      <line num="404" type="stmt" count="0"/>
      <line num="406" type="stmt" count="0"/>
      <line num="409" type="method" name="existsOnDiscourse" visibility="public" complexity="2" crap="6" count="0"/>
      <line num="411" type="stmt" count="0"/>
      <line num="412" type="stmt" count="0"/>
      <line num="415" type="stmt" count="0"/>
      <line num="423" type="method" name="convertToHost" visibility="public" complexity="2" crap="3.19" count="28"/>
      <line num="425" type="stmt" count="28"/>
      <line num="426" type="stmt" count="0"/>
      <line num="427" type="stmt" count="0"/>
      <line num="431" type="method" name="groupTag" visibility="public" complexity="1" crap="2" count="0"/>
      <line num="433" type="stmt" count="0"/>
      <line num="441" type="method" name="generateAndSetUsername" visibility="public" complexity="3" crap="3.04" count="17"/>
      <line num="443" type="stmt" count="17"/>
      <line num="444" type="stmt" count="0"/>
      <line num="447" type="stmt" count="17"/>
      <line num="448" type="stmt" count="17"/>
      <line num="449" type="stmt" count="17"/>
      <line num="451" type="stmt" count="17"/>
      <line num="453" type="stmt" count="17"/>
      <line num="456" type="stmt" count="17"/>
      <line num="458" type="stmt" count="17"/>
      <line num="459" type="stmt" count="17"/>
      <line num="461" type="stmt" count="0"/>
      <line num="464" type="stmt" count="17"/>
      <line num="467" type="method" name="isRepairDirectoryNone" visibility="public" complexity="1" crap="2" count="0"/>
      <line num="469" type="stmt" count="0"/>
      <line num="472" type="method" name="isRepairDirectorySuperAdmin" visibility="public" complexity="1" crap="1" count="14"/>
      <line num="474" type="stmt" count="14"/>
      <line num="477" type="method" name="isRepairDirectoryRegionalAdmin" visibility="public" complexity="1" crap="1" count="14"/>
      <line num="479" type="stmt" count="14"/>
      <line num="482" type="method" name="isRepairDirectoryEditor" visibility="public" complexity="1" crap="1" count="14"/>
      <line num="484" type="stmt" count="14"/>
      <line num="487" type="method" name="hasRole" visibility="public" complexity="3" crap="3.04" count="41"/>
      <line num="489" type="stmt" count="41"/>
      <line num="492" type="stmt" count="41"/>
      <line num="493" type="stmt" count="0"/>
      <line num="496" type="stmt" count="41"/>
      <line num="497" type="stmt" count="31"/>
      <line num="500" type="stmt" count="19"/>
      <line num="503" type="method" name="hasPermission" visibility="public" complexity="2" crap="6" count="0"/>
      <line num="505" type="stmt" count="0"/>
      <line num="506" type="stmt" count="0"/>
      <line num="507" type="stmt" count="0"/>
      <line num="508" type="stmt" count="0"/>
      <line num="510" type="stmt" count="0"/>
      <line num="511" type="stmt" count="0"/>
      <line num="514" type="stmt" count="0"/>
      <line num="517" type="method" name="getTalkProfileUrl" visibility="public" complexity="1" crap="1" count="1"/>
      <line num="519" type="stmt" count="1"/>
      <line num="524" type="method" name="changesShouldPushToZapier" visibility="public" complexity="1" crap="1" count="4"/>
      <line num="526" type="stmt" count="4"/>
      <line num="528" type="stmt" count="4"/>
      <line num="531" type="method" name="isCoordinatorOf" visibility="public" complexity="1" crap="1" count="10"/>
      <line num="533" type="stmt" count="10"/>
      <line num="536" type="method" name="networks" visibility="public" complexity="1" crap="1" count="25"/>
      <line num="538" type="stmt" count="25"/>
      <line num="541" type="method" name="isCoordinatorForGroup" visibility="public" complexity="4" crap="4" count="14"/>
      <line num="543" type="stmt" count="14"/>
      <line num="544" type="stmt" count="7"/>
      <line num="545" type="stmt" count="4"/>
      <line num="546" type="stmt" count="3"/>
      <line num="551" type="stmt" count="11"/>
      <line num="554" type="method" name="groupsInChargeOf" visibility="public" complexity="5" crap="5.02" count="7"/>
      <line num="556" type="stmt" count="7"/>
      <line num="557" type="stmt" count="7"/>
      <line num="558" type="stmt" count="7"/>
      <line num="559" type="stmt" count="7"/>
      <line num="561" type="stmt" count="7"/>
      <line num="562" type="stmt" count="1"/>
      <line num="563" type="stmt" count="1"/>
      <line num="564" type="stmt" count="1"/>
      <line num="567" type="stmt" count="6"/>
      <line num="568" type="stmt" count="0"/>
      <line num="571" type="stmt" count="7"/>
      <line num="574" type="method" name="ensureAPIToken" visibility="public" complexity="2" crap="2" count="25"/>
      <line num="577" type="stmt" count="25"/>
      <line num="579" type="stmt" count="25"/>
      <line num="580" type="stmt" count="17"/>
      <line num="581" type="stmt" count="17"/>
      <line num="582" type="stmt" count="17"/>
      <line num="585" type="stmt" count="25"/>
      <line num="588" type="method" name="notifications" visibility="public" complexity="1" crap="1" count="14"/>
      <line num="590" type="stmt" count="14"/>
      <line num="591" type="stmt" count="14"/>
      <line num="592" type="stmt" count="14"/>
      <line num="593" type="stmt" count="14"/>
      <line num="599" type="method" name="preferredLocale" visibility="public" complexity="1" crap="1" count="10"/>
      <line num="604" type="stmt" count="10"/>
      <line num="607" type="method" name="userCanSeeEvent" visibility="public" complexity="11" crap="132" count="0"/>
      <line num="611" type="stmt" count="0"/>
      <line num="612" type="stmt" count="0"/>
      <line num="614" type="stmt" count="0"/>
      <line num="616" type="stmt" count="0"/>
      <line num="618" type="stmt" count="0"/>
      <line num="619" type="stmt" count="0"/>
      <line num="620" type="stmt" count="0"/>
      <line num="623" type="stmt" count="0"/>
      <metrics loc="626" ncloc="519" classes="1" methods="47" coveredmethods="19" conditionals="0" coveredconditionals="0" statements="174" coveredstatements="99" elements="221" coveredelements="118"/>
    </file>
    <file name="/var/www/app/UserGroups.php">
      <class name="App\UserGroups" namespace="global">
        <metrics complexity="17" methods="8" coveredmethods="3" conditionals="0" coveredconditionals="0" statements="27" coveredstatements="5" elements="35" coveredelements="8"/>
      </class>
      <line num="47" type="method" name="createUsersGroups" visibility="public" complexity="6" crap="42" count="0"/>
      <line num="49" type="stmt" count="0"/>
      <line num="50" type="stmt" count="0"/>
      <line num="52" type="stmt" count="0"/>
      <line num="54" type="stmt" count="0"/>
      <line num="56" type="stmt" count="0"/>
      <line num="57" type="stmt" count="0"/>
      <line num="58" type="stmt" count="0"/>
      <line num="59" type="stmt" count="0"/>
      <line num="62" type="stmt" count="0"/>
      <line num="66" type="stmt" count="0"/>
      <line num="77" type="method" name="deleteUsersGroups" visibility="public" complexity="4" crap="20" count="0"/>
      <line num="79" type="stmt" count="0"/>
      <line num="81" type="stmt" count="0"/>
      <line num="83" type="stmt" count="0"/>
      <line num="84" type="stmt" count="0"/>
      <line num="85" type="stmt" count="0"/>
      <line num="86" type="stmt" count="0"/>
      <line num="89" type="stmt" count="0"/>
      <line num="94" type="method" name="volunteer" visibility="public" complexity="1" crap="1" count="2"/>
      <line num="96" type="stmt" count="2"/>
      <line num="99" type="method" name="isConfirmed" visibility="public" complexity="1" crap="1" count="2"/>
      <line num="101" type="stmt" count="2"/>
      <line num="104" type="method" name="scopeConfirmedInvitation" visibility="public" complexity="1" crap="1" count="61"/>
      <line num="106" type="stmt" count="61"/>
      <line num="107" type="stmt" count="61"/>
      <line num="108" type="stmt" count="61"/>
      <line num="111" type="method" name="getFullName" visibility="public" complexity="2" crap="6" count="0"/>
      <line num="113" type="stmt" count="0"/>
      <line num="114" type="stmt" count="0"/>
      <line num="117" type="stmt" count="0"/>
      <line num="120" type="method" name="user" visibility="public" complexity="1" crap="2" count="0"/>
      <line num="121" type="stmt" count="0"/>
      <line num="124" type="method" name="group" visibility="public" complexity="1" crap="2" count="0"/>
      <line num="125" type="stmt" count="0"/>
      <metrics loc="128" ncloc="102" classes="1" methods="8" coveredmethods="3" conditionals="0" coveredconditionals="0" statements="27" coveredstatements="5" elements="35" coveredelements="8"/>
    </file>
    <file name="/var/www/app/UsersPermissions.php">
      <class name="App\UsersPermissions" namespace="global">
        <metrics complexity="0" methods="0" coveredmethods="0" conditionals="0" coveredconditionals="0" statements="0" coveredstatements="0" elements="0" coveredelements="0"/>
      </class>
      <metrics loc="19" ncloc="14" classes="0" methods="0" coveredmethods="0" conditionals="0" coveredconditionals="0" statements="0" coveredstatements="0" elements="0" coveredelements="0"/>
    </file>
    <file name="/var/www/app/UsersPreferences.php">
      <class name="App\UsersPreferences" namespace="global">
        <metrics complexity="0" methods="0" coveredmethods="0" conditionals="0" coveredconditionals="0" statements="0" coveredstatements="0" elements="0" coveredelements="0"/>
      </class>
      <metrics loc="19" ncloc="14" classes="0" methods="0" coveredmethods="0" conditionals="0" coveredconditionals="0" statements="0" coveredstatements="0" elements="0" coveredelements="0"/>
    </file>
    <file name="/var/www/app/UsersSkills.php">
      <class name="App\UsersSkills" namespace="global">
        <metrics complexity="1" methods="1" coveredmethods="0" conditionals="0" coveredconditionals="0" statements="1" coveredstatements="0" elements="2" coveredelements="0"/>
      </class>
      <line num="29" type="method" name="skillName" visibility="public" complexity="1" crap="2" count="0"/>
      <line num="31" type="stmt" count="0"/>
      <metrics loc="34" ncloc="23" classes="1" methods="1" coveredmethods="0" conditionals="0" coveredconditionals="0" statements="1" coveredstatements="0" elements="2" coveredelements="0"/>
    </file>
    <file name="/var/www/app/WikiSyncStatus.php">
      <class name="App\WikiSyncStatus" namespace="global">
        <metrics complexity="0" methods="0" coveredmethods="0" conditionals="0" coveredconditionals="0" statements="0" coveredstatements="0" elements="0" coveredelements="0"/>
      </class>
      <metrics loc="15" ncloc="15" classes="0" methods="0" coveredmethods="0" conditionals="0" coveredconditionals="0" statements="0" coveredstatements="0" elements="0" coveredelements="0"/>
    </file>
    <file name="/var/www/app/Xref.php">
      <class name="App\Xref" namespace="global">
        <metrics complexity="11" methods="5" coveredmethods="0" conditionals="0" coveredconditionals="0" statements="26" coveredstatements="0" elements="31" coveredelements="0"/>
      </class>
      <line num="30" type="method" name="createXref" visibility="public" complexity="4" crap="20" count="0"/>
      <line num="32" type="stmt" count="0"/>
      <line num="33" type="stmt" count="0"/>
      <line num="34" type="stmt" count="0"/>
      <line num="36" type="stmt" count="0"/>
      <line num="39" type="stmt" count="0"/>
      <line num="40" type="stmt" count="0"/>
      <line num="41" type="stmt" count="0"/>
      <line num="44" type="stmt" count="0"/>
      <line num="48" type="method" name="deleteXref" visibility="public" complexity="3" crap="12" count="0"/>
      <line num="50" type="stmt" count="0"/>
      <line num="51" type="stmt" count="0"/>
      <line num="54" type="stmt" count="0"/>
      <line num="55" type="stmt" count="0"/>
      <line num="56" type="stmt" count="0"/>
      <line num="59" type="stmt" count="0"/>
      <line num="63" type="method" name="deleteObjectXref" visibility="public" complexity="2" crap="6" count="0"/>
      <line num="65" type="stmt" count="0"/>
      <line num="68" type="stmt" count="0"/>
      <line num="69" type="stmt" count="0"/>
      <line num="70" type="stmt" count="0"/>
      <line num="74" type="method" name="image" visibility="public" complexity="1" crap="2" count="0"/>
      <line num="76" type="stmt" count="0"/>
      <line num="80" type="method" name="copy" visibility="public" complexity="1" crap="2" count="0"/>
      <line num="81" type="stmt" count="0"/>
      <line num="83" type="stmt" count="0"/>
      <line num="84" type="stmt" count="0"/>
      <line num="85" type="stmt" count="0"/>
      <line num="86" type="stmt" count="0"/>
      <line num="87" type="stmt" count="0"/>
      <line num="88" type="stmt" count="0"/>
      <metrics loc="91" ncloc="86" classes="1" methods="5" coveredmethods="0" conditionals="0" coveredconditionals="0" statements="26" coveredstatements="0" elements="31" coveredelements="0"/>
    </file>
    <metrics files="243" loc="25954" ncloc="19519" classes="213" methods="791" coveredmethods="242" conditionals="0" coveredconditionals="0" statements="8681" coveredstatements="2991" elements="9472" coveredelements="3233"/>
  </project>
</coverage>
